<?xml version="1.0" encoding="UTF-8"?>
<testsuite xmlns:xsi="http://www.w3.org/2001/XMLSchema-instance" xsi:noNamespaceSchemaLocation="https://maven.apache.org/surefire/maven-surefire-plugin/xsd/surefire-test-report.xsd" name="com.fernando.apps.helpdeskng.organization.boundary.OrganizationServiceTest" time="117.862" tests="1" errors="0" skipped="0" failures="0">
  <properties>
    <property name="awt.toolkit" value="sun.awt.X11.XToolkit"/>
    <property name="file.encoding.pkg" value="sun.io"/>
    <property name="java.specification.version" value="1.8"/>
    <property name="arquillian.launch" value="glassfish-embedded"/>
    <property name="sun.cpu.isalist" value=""/>
    <property name="sun.jnu.encoding" value="UTF-8"/>
    <property name="java.class.path" value="/home/fernandojavierfernandez/SBISAS/prueba/HelpDeskApp/backend/organizations/target/test-classes:/home/fernandojavierfernandez/SBISAS/prueba/HelpDeskApp/backend/organizations/target/classes:/home/fernandojavierfernandez/.m2/repository/javax/enterprise/cdi-api/2.0/cdi-api-2.0.jar:/home/fernandojavierfernandez/.m2/repository/javax/el/javax.el-api/3.0.0/javax.el-api-3.0.0.jar:/home/fernandojavierfernandez/.m2/repository/javax/interceptor/javax.interceptor-api/1.2/javax.interceptor-api-1.2.jar:/home/fernandojavierfernandez/.m2/repository/javax/inject/javax.inject/1/javax.inject-1.jar:/home/fernandojavierfernandez/.m2/repository/javax/ws/rs/javax.ws.rs-api/2.1/javax.ws.rs-api-2.1.jar:/home/fernandojavierfernandez/.m2/repository/javax/annotation/javax.annotation-api/1.3/javax.annotation-api-1.3.jar:/home/fernandojavierfernandez/.m2/repository/org/eclipse/microprofile/config/microprofile-config-api/1.3/microprofile-config-api-1.3.jar:/home/fernandojavierfernandez/.m2/repository/org/osgi/org.osgi.annotation.versioning/1.0.0/org.osgi.annotation.versioning-1.0.0.jar:/home/fernandojavierfernandez/.m2/repository/org/eclipse/microprofile/fault-tolerance/microprofile-fault-tolerance-api/1.1/microprofile-fault-tolerance-api-1.1.jar:/home/fernandojavierfernandez/.m2/repository/org/eclipse/microprofile/health/microprofile-health-api/1.0/microprofile-health-api-1.0.jar:/home/fernandojavierfernandez/.m2/repository/org/eclipse/microprofile/metrics/microprofile-metrics-api/1.1/microprofile-metrics-api-1.1.jar:/home/fernandojavierfernandez/.m2/repository/org/eclipse/microprofile/jwt/microprofile-jwt-auth-api/1.1/microprofile-jwt-auth-api-1.1.jar:/home/fernandojavierfernandez/.m2/repository/org/eclipse/microprofile/openapi/microprofile-openapi-api/1.0/microprofile-openapi-api-1.0.jar:/home/fernandojavierfernandez/.m2/repository/org/eclipse/microprofile/rest/client/microprofile-rest-client-api/1.1/microprofile-rest-client-api-1.1.jar:/home/fernandojavierfernandez/.m2/repository/org/eclipse/microprofile/opentracing/microprofile-opentracing-api/1.1/microprofile-opentracing-api-1.1.jar:/home/fernandojavierfernandez/.m2/repository/org/apache/geronimo/specs/geronimo-atinject_1.0_spec/1.0/geronimo-atinject_1.0_spec-1.0.jar:/home/fernandojavierfernandez/.m2/repository/javax/javaee-api/8.0/javaee-api-8.0.jar:/home/fernandojavierfernandez/.m2/repository/com/sun/mail/javax.mail/1.6.0/javax.mail-1.6.0.jar:/home/fernandojavierfernandez/.m2/repository/javax/activation/activation/1.1/activation-1.1.jar:/home/fernandojavierfernandez/.m2/repository/fish/payara/extras/payara-embedded-all/5.0.0.Alpha3/payara-embedded-all-5.0.0.Alpha3.jar:/home/fernandojavierfernandez/.m2/repository/io/rest-assured/rest-assured/3.0.6/rest-assured-3.0.6.jar:/home/fernandojavierfernandez/.m2/repository/org/codehaus/groovy/groovy/2.4.12/groovy-2.4.12.jar:/home/fernandojavierfernandez/.m2/repository/org/codehaus/groovy/groovy-xml/2.4.12/groovy-xml-2.4.12.jar:/home/fernandojavierfernandez/.m2/repository/org/apache/httpcomponents/httpclient/4.5.3/httpclient-4.5.3.jar:/home/fernandojavierfernandez/.m2/repository/org/apache/httpcomponents/httpcore/4.4.6/httpcore-4.4.6.jar:/home/fernandojavierfernandez/.m2/repository/commons-logging/commons-logging/1.2/commons-logging-1.2.jar:/home/fernandojavierfernandez/.m2/repository/commons-codec/commons-codec/1.9/commons-codec-1.9.jar:/home/fernandojavierfernandez/.m2/repository/org/apache/httpcomponents/httpmime/4.5.1/httpmime-4.5.1.jar:/home/fernandojavierfernandez/.m2/repository/org/hamcrest/hamcrest-core/1.3/hamcrest-core-1.3.jar:/home/fernandojavierfernandez/.m2/repository/org/hamcrest/hamcrest-library/1.3/hamcrest-library-1.3.jar:/home/fernandojavierfernandez/.m2/repository/org/ccil/cowan/tagsoup/tagsoup/1.2.1/tagsoup-1.2.1.jar:/home/fernandojavierfernandez/.m2/repository/io/rest-assured/json-path/3.0.6/json-path-3.0.6.jar:/home/fernandojavierfernandez/.m2/repository/org/codehaus/groovy/groovy-json/2.4.12/groovy-json-2.4.12.jar:/home/fernandojavierfernandez/.m2/repository/io/rest-assured/rest-assured-common/3.0.6/rest-assured-common-3.0.6.jar:/home/fernandojavierfernandez/.m2/repository/io/rest-assured/xml-path/3.0.6/xml-path-3.0.6.jar:/home/fernandojavierfernandez/.m2/repository/org/apache/commons/commons-lang3/3.4/commons-lang3-3.4.jar:/home/fernandojavierfernandez/.m2/repository/javax/xml/bind/jaxb-api/2.2.12/jaxb-api-2.2.12.jar:/home/fernandojavierfernandez/.m2/repository/org/jboss/arquillian/junit/arquillian-junit-container/1.1.15.Final/arquillian-junit-container-1.1.15.Final.jar:/home/fernandojavierfernandez/.m2/repository/org/jboss/arquillian/junit/arquillian-junit-core/1.1.15.Final/arquillian-junit-core-1.1.15.Final.jar:/home/fernandojavierfernandez/.m2/repository/org/jboss/arquillian/test/arquillian-test-api/1.1.15.Final/arquillian-test-api-1.1.15.Final.jar:/home/fernandojavierfernandez/.m2/repository/org/jboss/arquillian/core/arquillian-core-api/1.1.15.Final/arquillian-core-api-1.1.15.Final.jar:/home/fernandojavierfernandez/.m2/repository/org/jboss/arquillian/test/arquillian-test-spi/1.1.15.Final/arquillian-test-spi-1.1.15.Final.jar:/home/fernandojavierfernandez/.m2/repository/org/jboss/arquillian/core/arquillian-core-spi/1.1.15.Final/arquillian-core-spi-1.1.15.Final.jar:/home/fernandojavierfernandez/.m2/repository/org/jboss/arquillian/container/arquillian-container-test-api/1.1.15.Final/arquillian-container-test-api-1.1.15.Final.jar:/home/fernandojavierfernandez/.m2/repository/org/jboss/shrinkwrap/shrinkwrap-api/1.2.6/shrinkwrap-api-1.2.6.jar:/home/fernandojavierfernandez/.m2/repository/org/jboss/arquillian/container/arquillian-container-test-spi/1.1.15.Final/arquillian-container-test-spi-1.1.15.Final.jar:/home/fernandojavierfernandez/.m2/repository/org/jboss/arquillian/core/arquillian-core-impl-base/1.1.15.Final/arquillian-core-impl-base-1.1.15.Final.jar:/home/fernandojavierfernandez/.m2/repository/org/jboss/arquillian/test/arquillian-test-impl-base/1.1.15.Final/arquillian-test-impl-base-1.1.15.Final.jar:/home/fernandojavierfernandez/.m2/repository/org/jboss/arquillian/container/arquillian-container-impl-base/1.1.15.Final/arquillian-container-impl-base-1.1.15.Final.jar:/home/fernandojavierfernandez/.m2/repository/org/jboss/arquillian/config/arquillian-config-api/1.1.15.Final/arquillian-config-api-1.1.15.Final.jar:/home/fernandojavierfernandez/.m2/repository/org/jboss/arquillian/config/arquillian-config-impl-base/1.1.15.Final/arquillian-config-impl-base-1.1.15.Final.jar:/home/fernandojavierfernandez/.m2/repository/org/jboss/shrinkwrap/descriptors/shrinkwrap-descriptors-spi/2.0.0/shrinkwrap-descriptors-spi-2.0.0.jar:/home/fernandojavierfernandez/.m2/repository/org/jboss/arquillian/container/arquillian-container-test-impl-base/1.1.15.Final/arquillian-container-test-impl-base-1.1.15.Final.jar:/home/fernandojavierfernandez/.m2/repository/org/jboss/shrinkwrap/shrinkwrap-impl-base/1.2.6/shrinkwrap-impl-base-1.2.6.jar:/home/fernandojavierfernandez/.m2/repository/org/jboss/shrinkwrap/shrinkwrap-spi/1.2.6/shrinkwrap-spi-1.2.6.jar:/home/fernandojavierfernandez/.m2/repository/fish/payara/arquillian/arquillian-payara-server-4-embedded/1.0.Beta2/arquillian-payara-server-4-embedded-1.0.Beta2.jar:/home/fernandojavierfernandez/.m2/repository/org/jboss/arquillian/container/arquillian-container-spi/1.1.15.Final/arquillian-container-spi-1.1.15.Final.jar:/home/fernandojavierfernandez/.m2/repository/org/jboss/shrinkwrap/descriptors/shrinkwrap-descriptors-api-base/2.0.0/shrinkwrap-descriptors-api-base-2.0.0.jar:/home/fernandojavierfernandez/.m2/repository/org/jboss/arquillian/protocol/arquillian-protocol-servlet/1.1.15.Final/arquillian-protocol-servlet-1.1.15.Final.jar:/home/fernandojavierfernandez/.m2/repository/org/jboss/arquillian/testenricher/arquillian-testenricher-cdi/1.1.15.Final/arquillian-testenricher-cdi-1.1.15.Final.jar:/home/fernandojavierfernandez/.m2/repository/org/jboss/arquillian/testenricher/arquillian-testenricher-ejb/1.1.15.Final/arquillian-testenricher-ejb-1.1.15.Final.jar:/home/fernandojavierfernandez/.m2/repository/org/jboss/arquillian/testenricher/arquillian-testenricher-resource/1.1.15.Final/arquillian-testenricher-resource-1.1.15.Final.jar:/home/fernandojavierfernandez/.m2/repository/org/jboss/arquillian/testenricher/arquillian-testenricher-initialcontext/1.1.15.Final/arquillian-testenricher-initialcontext-1.1.15.Final.jar:/home/fernandojavierfernandez/.m2/repository/junit/junit/4.12/junit-4.12.jar:/home/fernandojavierfernandez/.m2/repository/javax/json/bind/javax.json.bind-api/1.0/javax.json.bind-api-1.0.jar:/home/fernandojavierfernandez/.m2/repository/javax/json/javax.json-api/1.1/javax.json-api-1.1.jar:/home/fernandojavierfernandez/.m2/repository/io/swagger/swagger-annotations/1.5.16/swagger-annotations-1.5.16.jar:/home/fernandojavierfernandez/.m2/repository/com/h2database/h2/1.4.195/h2-1.4.195.jar:"/>
    <property name="java.vm.vendor" value="Oracle Corporation"/>
    <property name="sun.arch.data.model" value="32"/>
    <property name="java.vendor.url" value="http://java.oracle.com/"/>
    <property name="user.timezone" value=""/>
    <property name="java.vm.specification.version" value="1.8"/>
    <property name="os.name" value="Linux"/>
    <property name="user.country" value="CO"/>
    <property name="sun.java.launcher" value="SUN_STANDARD"/>
    <property name="sun.boot.library.path" value="/usr/lib/jvm/java-8-openjdk-i386/jre/lib/i386"/>
    <property name="sun.java.command" value="/home/fernandojavierfernandez/SBISAS/prueba/HelpDeskApp/backend/organizations/target/surefire/surefirebooter8901510176134264511.jar /home/fernandojavierfernandez/SBISAS/prueba/HelpDeskApp/backend/organizations/target/surefire 2019-03-10T15-05-31_731-jvmRun1 surefire1641952700622077902tmp surefire_06405038199235057610tmp"/>
    <property name="surefire.test.class.path" value="/home/fernandojavierfernandez/SBISAS/prueba/HelpDeskApp/backend/organizations/target/test-classes:/home/fernandojavierfernandez/SBISAS/prueba/HelpDeskApp/backend/organizations/target/classes:/home/fernandojavierfernandez/.m2/repository/javax/enterprise/cdi-api/2.0/cdi-api-2.0.jar:/home/fernandojavierfernandez/.m2/repository/javax/el/javax.el-api/3.0.0/javax.el-api-3.0.0.jar:/home/fernandojavierfernandez/.m2/repository/javax/interceptor/javax.interceptor-api/1.2/javax.interceptor-api-1.2.jar:/home/fernandojavierfernandez/.m2/repository/javax/inject/javax.inject/1/javax.inject-1.jar:/home/fernandojavierfernandez/.m2/repository/javax/ws/rs/javax.ws.rs-api/2.1/javax.ws.rs-api-2.1.jar:/home/fernandojavierfernandez/.m2/repository/javax/annotation/javax.annotation-api/1.3/javax.annotation-api-1.3.jar:/home/fernandojavierfernandez/.m2/repository/org/eclipse/microprofile/config/microprofile-config-api/1.3/microprofile-config-api-1.3.jar:/home/fernandojavierfernandez/.m2/repository/org/osgi/org.osgi.annotation.versioning/1.0.0/org.osgi.annotation.versioning-1.0.0.jar:/home/fernandojavierfernandez/.m2/repository/org/eclipse/microprofile/fault-tolerance/microprofile-fault-tolerance-api/1.1/microprofile-fault-tolerance-api-1.1.jar:/home/fernandojavierfernandez/.m2/repository/org/eclipse/microprofile/health/microprofile-health-api/1.0/microprofile-health-api-1.0.jar:/home/fernandojavierfernandez/.m2/repository/org/eclipse/microprofile/metrics/microprofile-metrics-api/1.1/microprofile-metrics-api-1.1.jar:/home/fernandojavierfernandez/.m2/repository/org/eclipse/microprofile/jwt/microprofile-jwt-auth-api/1.1/microprofile-jwt-auth-api-1.1.jar:/home/fernandojavierfernandez/.m2/repository/org/eclipse/microprofile/openapi/microprofile-openapi-api/1.0/microprofile-openapi-api-1.0.jar:/home/fernandojavierfernandez/.m2/repository/org/eclipse/microprofile/rest/client/microprofile-rest-client-api/1.1/microprofile-rest-client-api-1.1.jar:/home/fernandojavierfernandez/.m2/repository/org/eclipse/microprofile/opentracing/microprofile-opentracing-api/1.1/microprofile-opentracing-api-1.1.jar:/home/fernandojavierfernandez/.m2/repository/org/apache/geronimo/specs/geronimo-atinject_1.0_spec/1.0/geronimo-atinject_1.0_spec-1.0.jar:/home/fernandojavierfernandez/.m2/repository/javax/javaee-api/8.0/javaee-api-8.0.jar:/home/fernandojavierfernandez/.m2/repository/com/sun/mail/javax.mail/1.6.0/javax.mail-1.6.0.jar:/home/fernandojavierfernandez/.m2/repository/javax/activation/activation/1.1/activation-1.1.jar:/home/fernandojavierfernandez/.m2/repository/fish/payara/extras/payara-embedded-all/5.0.0.Alpha3/payara-embedded-all-5.0.0.Alpha3.jar:/home/fernandojavierfernandez/.m2/repository/io/rest-assured/rest-assured/3.0.6/rest-assured-3.0.6.jar:/home/fernandojavierfernandez/.m2/repository/org/codehaus/groovy/groovy/2.4.12/groovy-2.4.12.jar:/home/fernandojavierfernandez/.m2/repository/org/codehaus/groovy/groovy-xml/2.4.12/groovy-xml-2.4.12.jar:/home/fernandojavierfernandez/.m2/repository/org/apache/httpcomponents/httpclient/4.5.3/httpclient-4.5.3.jar:/home/fernandojavierfernandez/.m2/repository/org/apache/httpcomponents/httpcore/4.4.6/httpcore-4.4.6.jar:/home/fernandojavierfernandez/.m2/repository/commons-logging/commons-logging/1.2/commons-logging-1.2.jar:/home/fernandojavierfernandez/.m2/repository/commons-codec/commons-codec/1.9/commons-codec-1.9.jar:/home/fernandojavierfernandez/.m2/repository/org/apache/httpcomponents/httpmime/4.5.1/httpmime-4.5.1.jar:/home/fernandojavierfernandez/.m2/repository/org/hamcrest/hamcrest-core/1.3/hamcrest-core-1.3.jar:/home/fernandojavierfernandez/.m2/repository/org/hamcrest/hamcrest-library/1.3/hamcrest-library-1.3.jar:/home/fernandojavierfernandez/.m2/repository/org/ccil/cowan/tagsoup/tagsoup/1.2.1/tagsoup-1.2.1.jar:/home/fernandojavierfernandez/.m2/repository/io/rest-assured/json-path/3.0.6/json-path-3.0.6.jar:/home/fernandojavierfernandez/.m2/repository/org/codehaus/groovy/groovy-json/2.4.12/groovy-json-2.4.12.jar:/home/fernandojavierfernandez/.m2/repository/io/rest-assured/rest-assured-common/3.0.6/rest-assured-common-3.0.6.jar:/home/fernandojavierfernandez/.m2/repository/io/rest-assured/xml-path/3.0.6/xml-path-3.0.6.jar:/home/fernandojavierfernandez/.m2/repository/org/apache/commons/commons-lang3/3.4/commons-lang3-3.4.jar:/home/fernandojavierfernandez/.m2/repository/javax/xml/bind/jaxb-api/2.2.12/jaxb-api-2.2.12.jar:/home/fernandojavierfernandez/.m2/repository/org/jboss/arquillian/junit/arquillian-junit-container/1.1.15.Final/arquillian-junit-container-1.1.15.Final.jar:/home/fernandojavierfernandez/.m2/repository/org/jboss/arquillian/junit/arquillian-junit-core/1.1.15.Final/arquillian-junit-core-1.1.15.Final.jar:/home/fernandojavierfernandez/.m2/repository/org/jboss/arquillian/test/arquillian-test-api/1.1.15.Final/arquillian-test-api-1.1.15.Final.jar:/home/fernandojavierfernandez/.m2/repository/org/jboss/arquillian/core/arquillian-core-api/1.1.15.Final/arquillian-core-api-1.1.15.Final.jar:/home/fernandojavierfernandez/.m2/repository/org/jboss/arquillian/test/arquillian-test-spi/1.1.15.Final/arquillian-test-spi-1.1.15.Final.jar:/home/fernandojavierfernandez/.m2/repository/org/jboss/arquillian/core/arquillian-core-spi/1.1.15.Final/arquillian-core-spi-1.1.15.Final.jar:/home/fernandojavierfernandez/.m2/repository/org/jboss/arquillian/container/arquillian-container-test-api/1.1.15.Final/arquillian-container-test-api-1.1.15.Final.jar:/home/fernandojavierfernandez/.m2/repository/org/jboss/shrinkwrap/shrinkwrap-api/1.2.6/shrinkwrap-api-1.2.6.jar:/home/fernandojavierfernandez/.m2/repository/org/jboss/arquillian/container/arquillian-container-test-spi/1.1.15.Final/arquillian-container-test-spi-1.1.15.Final.jar:/home/fernandojavierfernandez/.m2/repository/org/jboss/arquillian/core/arquillian-core-impl-base/1.1.15.Final/arquillian-core-impl-base-1.1.15.Final.jar:/home/fernandojavierfernandez/.m2/repository/org/jboss/arquillian/test/arquillian-test-impl-base/1.1.15.Final/arquillian-test-impl-base-1.1.15.Final.jar:/home/fernandojavierfernandez/.m2/repository/org/jboss/arquillian/container/arquillian-container-impl-base/1.1.15.Final/arquillian-container-impl-base-1.1.15.Final.jar:/home/fernandojavierfernandez/.m2/repository/org/jboss/arquillian/config/arquillian-config-api/1.1.15.Final/arquillian-config-api-1.1.15.Final.jar:/home/fernandojavierfernandez/.m2/repository/org/jboss/arquillian/config/arquillian-config-impl-base/1.1.15.Final/arquillian-config-impl-base-1.1.15.Final.jar:/home/fernandojavierfernandez/.m2/repository/org/jboss/shrinkwrap/descriptors/shrinkwrap-descriptors-spi/2.0.0/shrinkwrap-descriptors-spi-2.0.0.jar:/home/fernandojavierfernandez/.m2/repository/org/jboss/arquillian/container/arquillian-container-test-impl-base/1.1.15.Final/arquillian-container-test-impl-base-1.1.15.Final.jar:/home/fernandojavierfernandez/.m2/repository/org/jboss/shrinkwrap/shrinkwrap-impl-base/1.2.6/shrinkwrap-impl-base-1.2.6.jar:/home/fernandojavierfernandez/.m2/repository/org/jboss/shrinkwrap/shrinkwrap-spi/1.2.6/shrinkwrap-spi-1.2.6.jar:/home/fernandojavierfernandez/.m2/repository/fish/payara/arquillian/arquillian-payara-server-4-embedded/1.0.Beta2/arquillian-payara-server-4-embedded-1.0.Beta2.jar:/home/fernandojavierfernandez/.m2/repository/org/jboss/arquillian/container/arquillian-container-spi/1.1.15.Final/arquillian-container-spi-1.1.15.Final.jar:/home/fernandojavierfernandez/.m2/repository/org/jboss/shrinkwrap/descriptors/shrinkwrap-descriptors-api-base/2.0.0/shrinkwrap-descriptors-api-base-2.0.0.jar:/home/fernandojavierfernandez/.m2/repository/org/jboss/arquillian/protocol/arquillian-protocol-servlet/1.1.15.Final/arquillian-protocol-servlet-1.1.15.Final.jar:/home/fernandojavierfernandez/.m2/repository/org/jboss/arquillian/testenricher/arquillian-testenricher-cdi/1.1.15.Final/arquillian-testenricher-cdi-1.1.15.Final.jar:/home/fernandojavierfernandez/.m2/repository/org/jboss/arquillian/testenricher/arquillian-testenricher-ejb/1.1.15.Final/arquillian-testenricher-ejb-1.1.15.Final.jar:/home/fernandojavierfernandez/.m2/repository/org/jboss/arquillian/testenricher/arquillian-testenricher-resource/1.1.15.Final/arquillian-testenricher-resource-1.1.15.Final.jar:/home/fernandojavierfernandez/.m2/repository/org/jboss/arquillian/testenricher/arquillian-testenricher-initialcontext/1.1.15.Final/arquillian-testenricher-initialcontext-1.1.15.Final.jar:/home/fernandojavierfernandez/.m2/repository/junit/junit/4.12/junit-4.12.jar:/home/fernandojavierfernandez/.m2/repository/javax/json/bind/javax.json.bind-api/1.0/javax.json.bind-api-1.0.jar:/home/fernandojavierfernandez/.m2/repository/javax/json/javax.json-api/1.1/javax.json-api-1.1.jar:/home/fernandojavierfernandez/.m2/repository/io/swagger/swagger-annotations/1.5.16/swagger-annotations-1.5.16.jar:/home/fernandojavierfernandez/.m2/repository/com/h2database/h2/1.4.195/h2-1.4.195.jar:"/>
    <property name="sun.cpu.endian" value="little"/>
    <property name="user.home" value="/home/fernandojavierfernandez"/>
    <property name="user.language" value="es"/>
    <property name="java.specification.vendor" value="Oracle Corporation"/>
    <property name="java.home" value="/usr/lib/jvm/java-8-openjdk-i386/jre"/>
    <property name="basedir" value="/home/fernandojavierfernandez/SBISAS/prueba/HelpDeskApp/backend/organizations"/>
    <property name="file.separator" value="/"/>
    <property name="line.separator" value="&#10;"/>
    <property name="java.vm.specification.vendor" value="Oracle Corporation"/>
    <property name="java.specification.name" value="Java Platform API Specification"/>
    <property name="java.awt.graphicsenv" value="sun.awt.X11GraphicsEnvironment"/>
    <property name="surefire.real.class.path" value="/home/fernandojavierfernandez/SBISAS/prueba/HelpDeskApp/backend/organizations/target/surefire/surefirebooter8901510176134264511.jar"/>
    <property name="sun.boot.class.path" value="/usr/lib/jvm/java-8-openjdk-i386/jre/lib/resources.jar:/usr/lib/jvm/java-8-openjdk-i386/jre/lib/rt.jar:/usr/lib/jvm/java-8-openjdk-i386/jre/lib/sunrsasign.jar:/usr/lib/jvm/java-8-openjdk-i386/jre/lib/jsse.jar:/usr/lib/jvm/java-8-openjdk-i386/jre/lib/jce.jar:/usr/lib/jvm/java-8-openjdk-i386/jre/lib/charsets.jar:/usr/lib/jvm/java-8-openjdk-i386/jre/lib/jfr.jar:/usr/lib/jvm/java-8-openjdk-i386/jre/classes"/>
    <property name="sun.management.compiler" value="HotSpot Tiered Compilers"/>
    <property name="java.runtime.version" value="1.8.0_191-8u191-b12-2ubuntu0.16.04.1-b12"/>
    <property name="user.name" value="fernandojavierfernandez"/>
    <property name="path.separator" value=":"/>
    <property name="os.version" value="4.4.0-142-generic"/>
    <property name="java.endorsed.dirs" value="/usr/lib/jvm/java-8-openjdk-i386/jre/lib/endorsed"/>
    <property name="java.runtime.name" value="OpenJDK Runtime Environment"/>
    <property name="file.encoding" value="UTF-8"/>
    <property name="java.vm.name" value="OpenJDK Server VM"/>
    <property name="localRepository" value="/home/fernandojavierfernandez/.m2/repository"/>
    <property name="java.vendor.url.bug" value="http://bugreport.sun.com/bugreport/"/>
    <property name="java.io.tmpdir" value="/tmp"/>
    <property name="java.version" value="1.8.0_191"/>
    <property name="user.dir" value="/home/fernandojavierfernandez/SBISAS/prueba/HelpDeskApp/backend/organizations"/>
    <property name="os.arch" value="i386"/>
    <property name="java.vm.specification.name" value="Java Virtual Machine Specification"/>
    <property name="java.awt.printerjob" value="sun.print.PSPrinterJob"/>
    <property name="sun.os.patch.level" value="unknown"/>
    <property name="java.library.path" value="/usr/java/packages/lib/i386:/usr/lib/i386-linux-gnu/jni:/lib/i386-linux-gnu:/usr/lib/i386-linux-gnu:/usr/lib/jni:/lib:/usr/lib"/>
    <property name="java.vm.info" value="mixed mode"/>
    <property name="java.vendor" value="Oracle Corporation"/>
    <property name="java.vm.version" value="25.191-b12"/>
    <property name="java.ext.dirs" value="/usr/lib/jvm/java-8-openjdk-i386/jre/lib/ext:/usr/java/packages/lib/ext"/>
    <property name="sun.io.unicode.encoding" value="UnicodeLittle"/>
    <property name="java.class.version" value="52.0"/>
  </properties>
  <testcase name="testCreateOrganization" classname="com.fernando.apps.helpdeskng.organization.boundary.OrganizationServiceTest" time="11.758"/>
</testsuite>