<?xml version="1.0" encoding="UTF-8"?>
<testsuite xmlns:xsi="http://www.w3.org/2001/XMLSchema-instance" xsi:noNamespaceSchemaLocation="https://maven.apache.org/surefire/maven-surefire-plugin/xsd/surefire-test-report.xsd" name="com.fernando.apps.helpdeskng.organization.boundary.OrganizationServiceTest" time="132.082" tests="1" errors="0" skipped="0" failures="0">
  <properties>
    <property name="sun.desktop" value="windows"/>
    <property name="awt.toolkit" value="sun.awt.windows.WToolkit"/>
    <property name="file.encoding.pkg" value="sun.io"/>
    <property name="java.specification.version" value="1.8"/>
    <property name="arquillian.launch" value="glassfish-embedded"/>
    <property name="sun.cpu.isalist" value="amd64"/>
    <property name="sun.jnu.encoding" value="Cp1252"/>
    <property name="java.class.path" value="C:\Users\Fernandojavier\SBISAS\prueba\HelpDeskApp\backend\organizations\target\test-classes;C:\Users\Fernandojavier\SBISAS\prueba\HelpDeskApp\backend\organizations\target\classes;C:\Users\Fernandojavier\.m2\repository\javax\enterprise\cdi-api\2.0\cdi-api-2.0.jar;C:\Users\Fernandojavier\.m2\repository\javax\el\javax.el-api\3.0.0\javax.el-api-3.0.0.jar;C:\Users\Fernandojavier\.m2\repository\javax\interceptor\javax.interceptor-api\1.2\javax.interceptor-api-1.2.jar;C:\Users\Fernandojavier\.m2\repository\javax\inject\javax.inject\1\javax.inject-1.jar;C:\Users\Fernandojavier\.m2\repository\javax\ws\rs\javax.ws.rs-api\2.1\javax.ws.rs-api-2.1.jar;C:\Users\Fernandojavier\.m2\repository\javax\annotation\javax.annotation-api\1.3\javax.annotation-api-1.3.jar;C:\Users\Fernandojavier\.m2\repository\org\eclipse\microprofile\config\microprofile-config-api\1.3\microprofile-config-api-1.3.jar;C:\Users\Fernandojavier\.m2\repository\org\osgi\org.osgi.annotation.versioning\1.0.0\org.osgi.annotation.versioning-1.0.0.jar;C:\Users\Fernandojavier\.m2\repository\org\eclipse\microprofile\fault-tolerance\microprofile-fault-tolerance-api\1.1\microprofile-fault-tolerance-api-1.1.jar;C:\Users\Fernandojavier\.m2\repository\org\eclipse\microprofile\health\microprofile-health-api\1.0\microprofile-health-api-1.0.jar;C:\Users\Fernandojavier\.m2\repository\org\eclipse\microprofile\metrics\microprofile-metrics-api\1.1\microprofile-metrics-api-1.1.jar;C:\Users\Fernandojavier\.m2\repository\org\eclipse\microprofile\jwt\microprofile-jwt-auth-api\1.1\microprofile-jwt-auth-api-1.1.jar;C:\Users\Fernandojavier\.m2\repository\org\eclipse\microprofile\openapi\microprofile-openapi-api\1.0\microprofile-openapi-api-1.0.jar;C:\Users\Fernandojavier\.m2\repository\org\eclipse\microprofile\rest\client\microprofile-rest-client-api\1.1\microprofile-rest-client-api-1.1.jar;C:\Users\Fernandojavier\.m2\repository\org\eclipse\microprofile\opentracing\microprofile-opentracing-api\1.1\microprofile-opentracing-api-1.1.jar;C:\Users\Fernandojavier\.m2\repository\org\apache\geronimo\specs\geronimo-atinject_1.0_spec\1.0\geronimo-atinject_1.0_spec-1.0.jar;C:\Users\Fernandojavier\.m2\repository\javax\javaee-api\8.0\javaee-api-8.0.jar;C:\Users\Fernandojavier\.m2\repository\com\sun\mail\javax.mail\1.6.0\javax.mail-1.6.0.jar;C:\Users\Fernandojavier\.m2\repository\javax\activation\activation\1.1\activation-1.1.jar;C:\Users\Fernandojavier\.m2\repository\fish\payara\extras\payara-embedded-all\5.0.0.Alpha3\payara-embedded-all-5.0.0.Alpha3.jar;C:\Users\Fernandojavier\.m2\repository\io\rest-assured\rest-assured\3.0.6\rest-assured-3.0.6.jar;C:\Users\Fernandojavier\.m2\repository\org\codehaus\groovy\groovy\2.4.12\groovy-2.4.12.jar;C:\Users\Fernandojavier\.m2\repository\org\codehaus\groovy\groovy-xml\2.4.12\groovy-xml-2.4.12.jar;C:\Users\Fernandojavier\.m2\repository\org\apache\httpcomponents\httpclient\4.5.3\httpclient-4.5.3.jar;C:\Users\Fernandojavier\.m2\repository\org\apache\httpcomponents\httpcore\4.4.6\httpcore-4.4.6.jar;C:\Users\Fernandojavier\.m2\repository\commons-logging\commons-logging\1.2\commons-logging-1.2.jar;C:\Users\Fernandojavier\.m2\repository\commons-codec\commons-codec\1.9\commons-codec-1.9.jar;C:\Users\Fernandojavier\.m2\repository\org\apache\httpcomponents\httpmime\4.5.1\httpmime-4.5.1.jar;C:\Users\Fernandojavier\.m2\repository\org\hamcrest\hamcrest-core\1.3\hamcrest-core-1.3.jar;C:\Users\Fernandojavier\.m2\repository\org\hamcrest\hamcrest-library\1.3\hamcrest-library-1.3.jar;C:\Users\Fernandojavier\.m2\repository\org\ccil\cowan\tagsoup\tagsoup\1.2.1\tagsoup-1.2.1.jar;C:\Users\Fernandojavier\.m2\repository\io\rest-assured\json-path\3.0.6\json-path-3.0.6.jar;C:\Users\Fernandojavier\.m2\repository\org\codehaus\groovy\groovy-json\2.4.12\groovy-json-2.4.12.jar;C:\Users\Fernandojavier\.m2\repository\io\rest-assured\rest-assured-common\3.0.6\rest-assured-common-3.0.6.jar;C:\Users\Fernandojavier\.m2\repository\io\rest-assured\xml-path\3.0.6\xml-path-3.0.6.jar;C:\Users\Fernandojavier\.m2\repository\org\apache\commons\commons-lang3\3.4\commons-lang3-3.4.jar;C:\Users\Fernandojavier\.m2\repository\javax\xml\bind\jaxb-api\2.2.12\jaxb-api-2.2.12.jar;C:\Users\Fernandojavier\.m2\repository\org\jboss\arquillian\junit\arquillian-junit-container\1.1.15.Final\arquillian-junit-container-1.1.15.Final.jar;C:\Users\Fernandojavier\.m2\repository\org\jboss\arquillian\junit\arquillian-junit-core\1.1.15.Final\arquillian-junit-core-1.1.15.Final.jar;C:\Users\Fernandojavier\.m2\repository\org\jboss\arquillian\test\arquillian-test-api\1.1.15.Final\arquillian-test-api-1.1.15.Final.jar;C:\Users\Fernandojavier\.m2\repository\org\jboss\arquillian\core\arquillian-core-api\1.1.15.Final\arquillian-core-api-1.1.15.Final.jar;C:\Users\Fernandojavier\.m2\repository\org\jboss\arquillian\test\arquillian-test-spi\1.1.15.Final\arquillian-test-spi-1.1.15.Final.jar;C:\Users\Fernandojavier\.m2\repository\org\jboss\arquillian\core\arquillian-core-spi\1.1.15.Final\arquillian-core-spi-1.1.15.Final.jar;C:\Users\Fernandojavier\.m2\repository\org\jboss\arquillian\container\arquillian-container-test-api\1.1.15.Final\arquillian-container-test-api-1.1.15.Final.jar;C:\Users\Fernandojavier\.m2\repository\org\jboss\shrinkwrap\shrinkwrap-api\1.2.6\shrinkwrap-api-1.2.6.jar;C:\Users\Fernandojavier\.m2\repository\org\jboss\arquillian\container\arquillian-container-test-spi\1.1.15.Final\arquillian-container-test-spi-1.1.15.Final.jar;C:\Users\Fernandojavier\.m2\repository\org\jboss\arquillian\core\arquillian-core-impl-base\1.1.15.Final\arquillian-core-impl-base-1.1.15.Final.jar;C:\Users\Fernandojavier\.m2\repository\org\jboss\arquillian\test\arquillian-test-impl-base\1.1.15.Final\arquillian-test-impl-base-1.1.15.Final.jar;C:\Users\Fernandojavier\.m2\repository\org\jboss\arquillian\container\arquillian-container-impl-base\1.1.15.Final\arquillian-container-impl-base-1.1.15.Final.jar;C:\Users\Fernandojavier\.m2\repository\org\jboss\arquillian\config\arquillian-config-api\1.1.15.Final\arquillian-config-api-1.1.15.Final.jar;C:\Users\Fernandojavier\.m2\repository\org\jboss\arquillian\config\arquillian-config-impl-base\1.1.15.Final\arquillian-config-impl-base-1.1.15.Final.jar;C:\Users\Fernandojavier\.m2\repository\org\jboss\shrinkwrap\descriptors\shrinkwrap-descriptors-spi\2.0.0\shrinkwrap-descriptors-spi-2.0.0.jar;C:\Users\Fernandojavier\.m2\repository\org\jboss\arquillian\container\arquillian-container-test-impl-base\1.1.15.Final\arquillian-container-test-impl-base-1.1.15.Final.jar;C:\Users\Fernandojavier\.m2\repository\org\jboss\shrinkwrap\shrinkwrap-impl-base\1.2.6\shrinkwrap-impl-base-1.2.6.jar;C:\Users\Fernandojavier\.m2\repository\org\jboss\shrinkwrap\shrinkwrap-spi\1.2.6\shrinkwrap-spi-1.2.6.jar;C:\Users\Fernandojavier\.m2\repository\fish\payara\arquillian\arquillian-payara-server-4-embedded\1.0.Beta2\arquillian-payara-server-4-embedded-1.0.Beta2.jar;C:\Users\Fernandojavier\.m2\repository\org\jboss\arquillian\container\arquillian-container-spi\1.1.15.Final\arquillian-container-spi-1.1.15.Final.jar;C:\Users\Fernandojavier\.m2\repository\org\jboss\shrinkwrap\descriptors\shrinkwrap-descriptors-api-base\2.0.0\shrinkwrap-descriptors-api-base-2.0.0.jar;C:\Users\Fernandojavier\.m2\repository\org\jboss\arquillian\protocol\arquillian-protocol-servlet\1.1.15.Final\arquillian-protocol-servlet-1.1.15.Final.jar;C:\Users\Fernandojavier\.m2\repository\org\jboss\arquillian\testenricher\arquillian-testenricher-cdi\1.1.15.Final\arquillian-testenricher-cdi-1.1.15.Final.jar;C:\Users\Fernandojavier\.m2\repository\org\jboss\arquillian\testenricher\arquillian-testenricher-ejb\1.1.15.Final\arquillian-testenricher-ejb-1.1.15.Final.jar;C:\Users\Fernandojavier\.m2\repository\org\jboss\arquillian\testenricher\arquillian-testenricher-resource\1.1.15.Final\arquillian-testenricher-resource-1.1.15.Final.jar;C:\Users\Fernandojavier\.m2\repository\org\jboss\arquillian\testenricher\arquillian-testenricher-initialcontext\1.1.15.Final\arquillian-testenricher-initialcontext-1.1.15.Final.jar;C:\Users\Fernandojavier\.m2\repository\junit\junit\4.12\junit-4.12.jar;C:\Users\Fernandojavier\.m2\repository\javax\json\bind\javax.json.bind-api\1.0\javax.json.bind-api-1.0.jar;C:\Users\Fernandojavier\.m2\repository\javax\json\javax.json-api\1.1\javax.json-api-1.1.jar;C:\Users\Fernandojavier\.m2\repository\io\swagger\swagger-annotations\1.5.16\swagger-annotations-1.5.16.jar;C:\Users\Fernandojavier\.m2\repository\com\h2database\h2\1.4.195\h2-1.4.195.jar;"/>
    <property name="java.vm.vendor" value="Oracle Corporation"/>
    <property name="sun.arch.data.model" value="64"/>
    <property name="user.variant" value=""/>
    <property name="java.vendor.url" value="http://java.oracle.com/"/>
    <property name="user.timezone" value="America/Bogota"/>
    <property name="user.country.format" value="CO"/>
    <property name="java.vm.specification.version" value="1.8"/>
    <property name="os.name" value="Windows 8.1"/>
    <property name="user.country" value="US"/>
    <property name="sun.java.launcher" value="SUN_STANDARD"/>
    <property name="sun.boot.library.path" value="C:\Program Files\Java\jdk1.8.0_40\jre\bin"/>
    <property name="sun.java.command" value="C:\Users\FERNAN~1\AppData\Local\Temp\surefire2349287124941892632\surefirebooter2363578384474294684.jar C:\Users\Fernandojavier\AppData\Local\Temp\surefire2349287124941892632 2019-03-10T12-21-57_276-jvmRun1 surefire4033363502882801174tmp surefire_07436158769288479949tmp"/>
    <property name="surefire.test.class.path" value="C:\Users\Fernandojavier\SBISAS\prueba\HelpDeskApp\backend\organizations\target\test-classes;C:\Users\Fernandojavier\SBISAS\prueba\HelpDeskApp\backend\organizations\target\classes;C:\Users\Fernandojavier\.m2\repository\javax\enterprise\cdi-api\2.0\cdi-api-2.0.jar;C:\Users\Fernandojavier\.m2\repository\javax\el\javax.el-api\3.0.0\javax.el-api-3.0.0.jar;C:\Users\Fernandojavier\.m2\repository\javax\interceptor\javax.interceptor-api\1.2\javax.interceptor-api-1.2.jar;C:\Users\Fernandojavier\.m2\repository\javax\inject\javax.inject\1\javax.inject-1.jar;C:\Users\Fernandojavier\.m2\repository\javax\ws\rs\javax.ws.rs-api\2.1\javax.ws.rs-api-2.1.jar;C:\Users\Fernandojavier\.m2\repository\javax\annotation\javax.annotation-api\1.3\javax.annotation-api-1.3.jar;C:\Users\Fernandojavier\.m2\repository\org\eclipse\microprofile\config\microprofile-config-api\1.3\microprofile-config-api-1.3.jar;C:\Users\Fernandojavier\.m2\repository\org\osgi\org.osgi.annotation.versioning\1.0.0\org.osgi.annotation.versioning-1.0.0.jar;C:\Users\Fernandojavier\.m2\repository\org\eclipse\microprofile\fault-tolerance\microprofile-fault-tolerance-api\1.1\microprofile-fault-tolerance-api-1.1.jar;C:\Users\Fernandojavier\.m2\repository\org\eclipse\microprofile\health\microprofile-health-api\1.0\microprofile-health-api-1.0.jar;C:\Users\Fernandojavier\.m2\repository\org\eclipse\microprofile\metrics\microprofile-metrics-api\1.1\microprofile-metrics-api-1.1.jar;C:\Users\Fernandojavier\.m2\repository\org\eclipse\microprofile\jwt\microprofile-jwt-auth-api\1.1\microprofile-jwt-auth-api-1.1.jar;C:\Users\Fernandojavier\.m2\repository\org\eclipse\microprofile\openapi\microprofile-openapi-api\1.0\microprofile-openapi-api-1.0.jar;C:\Users\Fernandojavier\.m2\repository\org\eclipse\microprofile\rest\client\microprofile-rest-client-api\1.1\microprofile-rest-client-api-1.1.jar;C:\Users\Fernandojavier\.m2\repository\org\eclipse\microprofile\opentracing\microprofile-opentracing-api\1.1\microprofile-opentracing-api-1.1.jar;C:\Users\Fernandojavier\.m2\repository\org\apache\geronimo\specs\geronimo-atinject_1.0_spec\1.0\geronimo-atinject_1.0_spec-1.0.jar;C:\Users\Fernandojavier\.m2\repository\javax\javaee-api\8.0\javaee-api-8.0.jar;C:\Users\Fernandojavier\.m2\repository\com\sun\mail\javax.mail\1.6.0\javax.mail-1.6.0.jar;C:\Users\Fernandojavier\.m2\repository\javax\activation\activation\1.1\activation-1.1.jar;C:\Users\Fernandojavier\.m2\repository\fish\payara\extras\payara-embedded-all\5.0.0.Alpha3\payara-embedded-all-5.0.0.Alpha3.jar;C:\Users\Fernandojavier\.m2\repository\io\rest-assured\rest-assured\3.0.6\rest-assured-3.0.6.jar;C:\Users\Fernandojavier\.m2\repository\org\codehaus\groovy\groovy\2.4.12\groovy-2.4.12.jar;C:\Users\Fernandojavier\.m2\repository\org\codehaus\groovy\groovy-xml\2.4.12\groovy-xml-2.4.12.jar;C:\Users\Fernandojavier\.m2\repository\org\apache\httpcomponents\httpclient\4.5.3\httpclient-4.5.3.jar;C:\Users\Fernandojavier\.m2\repository\org\apache\httpcomponents\httpcore\4.4.6\httpcore-4.4.6.jar;C:\Users\Fernandojavier\.m2\repository\commons-logging\commons-logging\1.2\commons-logging-1.2.jar;C:\Users\Fernandojavier\.m2\repository\commons-codec\commons-codec\1.9\commons-codec-1.9.jar;C:\Users\Fernandojavier\.m2\repository\org\apache\httpcomponents\httpmime\4.5.1\httpmime-4.5.1.jar;C:\Users\Fernandojavier\.m2\repository\org\hamcrest\hamcrest-core\1.3\hamcrest-core-1.3.jar;C:\Users\Fernandojavier\.m2\repository\org\hamcrest\hamcrest-library\1.3\hamcrest-library-1.3.jar;C:\Users\Fernandojavier\.m2\repository\org\ccil\cowan\tagsoup\tagsoup\1.2.1\tagsoup-1.2.1.jar;C:\Users\Fernandojavier\.m2\repository\io\rest-assured\json-path\3.0.6\json-path-3.0.6.jar;C:\Users\Fernandojavier\.m2\repository\org\codehaus\groovy\groovy-json\2.4.12\groovy-json-2.4.12.jar;C:\Users\Fernandojavier\.m2\repository\io\rest-assured\rest-assured-common\3.0.6\rest-assured-common-3.0.6.jar;C:\Users\Fernandojavier\.m2\repository\io\rest-assured\xml-path\3.0.6\xml-path-3.0.6.jar;C:\Users\Fernandojavier\.m2\repository\org\apache\commons\commons-lang3\3.4\commons-lang3-3.4.jar;C:\Users\Fernandojavier\.m2\repository\javax\xml\bind\jaxb-api\2.2.12\jaxb-api-2.2.12.jar;C:\Users\Fernandojavier\.m2\repository\org\jboss\arquillian\junit\arquillian-junit-container\1.1.15.Final\arquillian-junit-container-1.1.15.Final.jar;C:\Users\Fernandojavier\.m2\repository\org\jboss\arquillian\junit\arquillian-junit-core\1.1.15.Final\arquillian-junit-core-1.1.15.Final.jar;C:\Users\Fernandojavier\.m2\repository\org\jboss\arquillian\test\arquillian-test-api\1.1.15.Final\arquillian-test-api-1.1.15.Final.jar;C:\Users\Fernandojavier\.m2\repository\org\jboss\arquillian\core\arquillian-core-api\1.1.15.Final\arquillian-core-api-1.1.15.Final.jar;C:\Users\Fernandojavier\.m2\repository\org\jboss\arquillian\test\arquillian-test-spi\1.1.15.Final\arquillian-test-spi-1.1.15.Final.jar;C:\Users\Fernandojavier\.m2\repository\org\jboss\arquillian\core\arquillian-core-spi\1.1.15.Final\arquillian-core-spi-1.1.15.Final.jar;C:\Users\Fernandojavier\.m2\repository\org\jboss\arquillian\container\arquillian-container-test-api\1.1.15.Final\arquillian-container-test-api-1.1.15.Final.jar;C:\Users\Fernandojavier\.m2\repository\org\jboss\shrinkwrap\shrinkwrap-api\1.2.6\shrinkwrap-api-1.2.6.jar;C:\Users\Fernandojavier\.m2\repository\org\jboss\arquillian\container\arquillian-container-test-spi\1.1.15.Final\arquillian-container-test-spi-1.1.15.Final.jar;C:\Users\Fernandojavier\.m2\repository\org\jboss\arquillian\core\arquillian-core-impl-base\1.1.15.Final\arquillian-core-impl-base-1.1.15.Final.jar;C:\Users\Fernandojavier\.m2\repository\org\jboss\arquillian\test\arquillian-test-impl-base\1.1.15.Final\arquillian-test-impl-base-1.1.15.Final.jar;C:\Users\Fernandojavier\.m2\repository\org\jboss\arquillian\container\arquillian-container-impl-base\1.1.15.Final\arquillian-container-impl-base-1.1.15.Final.jar;C:\Users\Fernandojavier\.m2\repository\org\jboss\arquillian\config\arquillian-config-api\1.1.15.Final\arquillian-config-api-1.1.15.Final.jar;C:\Users\Fernandojavier\.m2\repository\org\jboss\arquillian\config\arquillian-config-impl-base\1.1.15.Final\arquillian-config-impl-base-1.1.15.Final.jar;C:\Users\Fernandojavier\.m2\repository\org\jboss\shrinkwrap\descriptors\shrinkwrap-descriptors-spi\2.0.0\shrinkwrap-descriptors-spi-2.0.0.jar;C:\Users\Fernandojavier\.m2\repository\org\jboss\arquillian\container\arquillian-container-test-impl-base\1.1.15.Final\arquillian-container-test-impl-base-1.1.15.Final.jar;C:\Users\Fernandojavier\.m2\repository\org\jboss\shrinkwrap\shrinkwrap-impl-base\1.2.6\shrinkwrap-impl-base-1.2.6.jar;C:\Users\Fernandojavier\.m2\repository\org\jboss\shrinkwrap\shrinkwrap-spi\1.2.6\shrinkwrap-spi-1.2.6.jar;C:\Users\Fernandojavier\.m2\repository\fish\payara\arquillian\arquillian-payara-server-4-embedded\1.0.Beta2\arquillian-payara-server-4-embedded-1.0.Beta2.jar;C:\Users\Fernandojavier\.m2\repository\org\jboss\arquillian\container\arquillian-container-spi\1.1.15.Final\arquillian-container-spi-1.1.15.Final.jar;C:\Users\Fernandojavier\.m2\repository\org\jboss\shrinkwrap\descriptors\shrinkwrap-descriptors-api-base\2.0.0\shrinkwrap-descriptors-api-base-2.0.0.jar;C:\Users\Fernandojavier\.m2\repository\org\jboss\arquillian\protocol\arquillian-protocol-servlet\1.1.15.Final\arquillian-protocol-servlet-1.1.15.Final.jar;C:\Users\Fernandojavier\.m2\repository\org\jboss\arquillian\testenricher\arquillian-testenricher-cdi\1.1.15.Final\arquillian-testenricher-cdi-1.1.15.Final.jar;C:\Users\Fernandojavier\.m2\repository\org\jboss\arquillian\testenricher\arquillian-testenricher-ejb\1.1.15.Final\arquillian-testenricher-ejb-1.1.15.Final.jar;C:\Users\Fernandojavier\.m2\repository\org\jboss\arquillian\testenricher\arquillian-testenricher-resource\1.1.15.Final\arquillian-testenricher-resource-1.1.15.Final.jar;C:\Users\Fernandojavier\.m2\repository\org\jboss\arquillian\testenricher\arquillian-testenricher-initialcontext\1.1.15.Final\arquillian-testenricher-initialcontext-1.1.15.Final.jar;C:\Users\Fernandojavier\.m2\repository\junit\junit\4.12\junit-4.12.jar;C:\Users\Fernandojavier\.m2\repository\javax\json\bind\javax.json.bind-api\1.0\javax.json.bind-api-1.0.jar;C:\Users\Fernandojavier\.m2\repository\javax\json\javax.json-api\1.1\javax.json-api-1.1.jar;C:\Users\Fernandojavier\.m2\repository\io\swagger\swagger-annotations\1.5.16\swagger-annotations-1.5.16.jar;C:\Users\Fernandojavier\.m2\repository\com\h2database\h2\1.4.195\h2-1.4.195.jar;"/>
    <property name="sun.cpu.endian" value="little"/>
    <property name="user.home" value="C:\Users\Fernandojavier"/>
    <property name="user.language" value="en"/>
    <property name="java.specification.vendor" value="Oracle Corporation"/>
    <property name="java.home" value="C:\Program Files\Java\jdk1.8.0_40\jre"/>
    <property name="basedir" value="C:\Users\Fernandojavier\SBISAS\prueba\HelpDeskApp\backend\organizations"/>
    <property name="file.separator" value="\"/>
    <property name="line.separator" value="&#10;"/>
    <property name="java.vm.specification.vendor" value="Oracle Corporation"/>
    <property name="java.specification.name" value="Java Platform API Specification"/>
    <property name="java.awt.graphicsenv" value="sun.awt.Win32GraphicsEnvironment"/>
    <property name="surefire.real.class.path" value="C:\Users\FERNAN~1\AppData\Local\Temp\surefire2349287124941892632\surefirebooter2363578384474294684.jar"/>
    <property name="sun.boot.class.path" value="C:\Program Files\Java\jdk1.8.0_40\jre\lib\resources.jar;C:\Program Files\Java\jdk1.8.0_40\jre\lib\rt.jar;C:\Program Files\Java\jdk1.8.0_40\jre\lib\sunrsasign.jar;C:\Program Files\Java\jdk1.8.0_40\jre\lib\jsse.jar;C:\Program Files\Java\jdk1.8.0_40\jre\lib\jce.jar;C:\Program Files\Java\jdk1.8.0_40\jre\lib\charsets.jar;C:\Program Files\Java\jdk1.8.0_40\jre\lib\jfr.jar;C:\Program Files\Java\jdk1.8.0_40\jre\classes"/>
    <property name="user.script" value=""/>
    <property name="sun.management.compiler" value="HotSpot 64-Bit Tiered Compilers"/>
    <property name="java.runtime.version" value="1.8.0_40-b26"/>
    <property name="user.name" value="Fernandojavier"/>
    <property name="path.separator" value=";"/>
    <property name="os.version" value="6.3"/>
    <property name="java.endorsed.dirs" value="C:\Program Files\Java\jdk1.8.0_40\jre\lib\endorsed"/>
    <property name="java.runtime.name" value="Java(TM) SE Runtime Environment"/>
    <property name="file.encoding" value="Cp1252"/>
    <property name="java.vm.name" value="Java HotSpot(TM) 64-Bit Server VM"/>
    <property name="localRepository" value="C:\Users\Fernandojavier\.m2\repository"/>
    <property name="java.vendor.url.bug" value="http://bugreport.sun.com/bugreport/"/>
    <property name="java.io.tmpdir" value="C:\Users\FERNAN~1\AppData\Local\Temp\"/>
    <property name="java.version" value="1.8.0_40"/>
    <property name="user.dir" value="C:\Users\Fernandojavier\SBISAS\prueba\HelpDeskApp\backend\organizations"/>
    <property name="os.arch" value="amd64"/>
    <property name="java.vm.specification.name" value="Java Virtual Machine Specification"/>
    <property name="java.awt.printerjob" value="sun.awt.windows.WPrinterJob"/>
    <property name="user.language.format" value="es"/>
    <property name="sun.os.patch.level" value=""/>
    <property name="java.library.path" value="C:\Program Files\Java\jdk1.8.0_40\jre\bin;C:\WINDOWS\Sun\Java\bin;C:\WINDOWS\system32;C:\WINDOWS;C:\ProgramData\DockerDesktop\version-bin;C:\Program Files\Docker\Docker\Resources\bin;C:\oraclexe\app\oracle\product\11.2.0\server\bin;C:\Program Files (x86)\Common Files\Oracle\Java\javapath;C:\ProgramData\Oracle\Java\javapath;C:\Windows\system32;C:\Windows;C:\Windows\System32\Wbem;C:\Windows\System32\WindowsPowerShell\v1.0\;C:\Program Files (x86)\QuickTime\QTSystem\;C:\Program Files\Java\jdk1.7.0_79\bin\;C:\Users\Fernandojavier\.dnx\bin;C:\Program Files\Microsoft DNX\Dnvm\;C:\apache-maven-3.6.0\bin;C:\Program Files (x86)\Google\Cloud SDK\google-cloud-sdk\bin;C:\Python34;C:\Program Files (x86)\GtkSharp\2.12\bin;C:\Program Files\PostgreSQL\pg95\bin;C:\Program Files\Git LFS;C:\Program Files\Git\cmd;C:\Program Files\OpenVPN\bin;C:\Program Files (x86)\Skype\Phone\;C:\WINDOWS\system32;C:\WINDOWS;C:\WINDOWS\System32\Wbem;C:\WINDOWS\System32\WindowsPowerShell\v1.0\;C:\Program Files (x86)\NVIDIA Corporation\PhysX\Common;C:\Program Files\nodejs\;C:\Users\Fernandojavier\AppData\Roaming\npm;C:\Program Files\Genymobile\Genymotion\tools;C:\Program Files\Android\android-sdk\platform-tools;C:\WINDOWS\system32;C:\WINDOWS;C:\WINDOWS\System32\Wbem;C:\WINDOWS\System32\WindowsPowerShell\v1.0\;C:\WINDOWS\System32\OpenSSH\;C:\Users\Fernandojavier\AppData\Local\Android\android-ndk-r17b\;C:\Program Files\Amazon\AWSCLI\;C:\Program Files\dotnet\;C:\Program Files\SourceGear\Common\DiffMerge\;C:\Ruby25-x64\bin;C:\Users\Fernandojavier\AppData\Local\GitHub\PortableGit_d76a6a98c9315931ec4927243517bc09e9b731a0\cmd;C:\Program Files\nodejs;C:\Python27;C:\Users\Fernandojavier\AppData\Local\Microsoft\WindowsApps;C:\Program Files (x86)\Nmap;C:\Users\Fernandojavier\AppData\Roaming\npm;C:\Users\Fernandojavier\AppData\Local\Android\android-ndk-r17b\;C:\Program Files\heroku\bin;C:\Users\Fernandojavier\AppData\Local\Programs\Microsoft VS Code\bin;C:\Users\Fernandojavier\.dotnet\tools;;."/>
    <property name="java.vm.info" value="mixed mode"/>
    <property name="java.vendor" value="Oracle Corporation"/>
    <property name="java.vm.version" value="25.40-b25"/>
    <property name="java.ext.dirs" value="C:\Program Files\Java\jdk1.8.0_40\jre\lib\ext;C:\WINDOWS\Sun\Java\lib\ext"/>
    <property name="sun.io.unicode.encoding" value="UnicodeLittle"/>
    <property name="java.class.version" value="52.0"/>
  </properties>
  <testcase name="testCreateOrganization" classname="com.fernando.apps.helpdeskng.organization.boundary.OrganizationServiceTest" time="17.547"/>
</testsuite>